<nodes>
  <node class="org.raven.tree.impl.ContainerNode" name="testNode">
    <node class="org.raven.tree.impl.ContainerNode" name="testNode"/>
  </node>
</nodes>